[MASTER] 13:07:01.748 [pool-2-thread-1] ERROR ConcreteClassAnalyzer - Problem for system.controller.service.QuizService. Class not found: com_atlassian_clover.SpockFeatureNameSniffer
java.lang.NoClassDefFoundError: org/spockframework/runtime/extension/IMethodInterceptor
	at java.lang.ClassLoader.defineClass1(Native Method) ~[na:1.8.0_161]
	at java.lang.ClassLoader.defineClass(ClassLoader.java:763) ~[na:1.8.0_161]
	at java.security.SecureClassLoader.defineClass(SecureClassLoader.java:142) ~[na:1.8.0_161]
	at java.net.URLClassLoader.defineClass(URLClassLoader.java:467) ~[na:1.8.0_161]
	at java.net.URLClassLoader.access$100(URLClassLoader.java:73) ~[na:1.8.0_161]
	at java.net.URLClassLoader$1.run(URLClassLoader.java:368) ~[na:1.8.0_161]
	at java.net.URLClassLoader$1.run(URLClassLoader.java:362) ~[na:1.8.0_161]
	at java.security.AccessController.doPrivileged(Native Method) ~[na:1.8.0_161]
	at java.net.URLClassLoader.findClass(URLClassLoader.java:361) ~[na:1.8.0_161]
	at java.lang.ClassLoader.loadClass(ClassLoader.java:424) ~[na:1.8.0_161]
	at sun.misc.Launcher$AppClassLoader.loadClass(Launcher.java:338) ~[na:1.8.0_161]
	at java.lang.ClassLoader.loadClass(ClassLoader.java:357) ~[na:1.8.0_161]
	at org.evosuite.instrumentation.InstrumentingClassLoader.loadClass(InstrumentingClassLoader.java:159) ~[evosuite-1.0.6.jar:1.0.6]
	at java.lang.Class.forName0(Native Method) ~[na:1.8.0_161]
	at java.lang.Class.forName(Class.java:348) ~[na:1.8.0_161]
	at org.evosuite.setup.ConcreteClassAnalyzer.getConcreteClassesImpl(ConcreteClassAnalyzer.java:130) [evosuite-1.0.6.jar:1.0.6]
	at org.evosuite.setup.ConcreteClassAnalyzer.getConcreteClasses(ConcreteClassAnalyzer.java:61) [evosuite-1.0.6.jar:1.0.6]
	at org.evosuite.setup.TestClusterGenerator.addDependency(TestClusterGenerator.java:878) [evosuite-1.0.6.jar:1.0.6]
	at org.evosuite.setup.TestClusterGenerator.addDependencies(TestClusterGenerator.java:823) [evosuite-1.0.6.jar:1.0.6]
	at org.evosuite.setup.TestClusterGenerator.initializeTargetMethods(TestClusterGenerator.java:571) [evosuite-1.0.6.jar:1.0.6]
	at org.evosuite.setup.TestClusterGenerator.generateCluster(TestClusterGenerator.java:134) [evosuite-1.0.6.jar:1.0.6]
	at org.evosuite.setup.DependencyAnalysis.analyze(DependencyAnalysis.java:118) [evosuite-1.0.6.jar:1.0.6]
	at org.evosuite.setup.DependencyAnalysis.analyzeClass(DependencyAnalysis.java:132) [evosuite-1.0.6.jar:1.0.6]
	at org.evosuite.TestSuiteGenerator.initializeTargetClass(TestSuiteGenerator.java:110) [evosuite-1.0.6.jar:1.0.6]
	at org.evosuite.TestSuiteGenerator.generateTestSuite(TestSuiteGenerator.java:130) [evosuite-1.0.6.jar:1.0.6]
	at org.evosuite.rmi.service.ClientNodeImpl$1.run(ClientNodeImpl.java:145) [evosuite-1.0.6.jar:1.0.6]
	at java.util.concurrent.Executors$RunnableAdapter.call(Executors.java:511) [na:1.8.0_161]
	at java.util.concurrent.FutureTask.run(FutureTask.java:266) [na:1.8.0_161]
	at java.util.concurrent.ThreadPoolExecutor.runWorker(ThreadPoolExecutor.java:1149) [na:1.8.0_161]
	at java.util.concurrent.ThreadPoolExecutor$Worker.run(ThreadPoolExecutor.java:624) [na:1.8.0_161]
	at java.lang.Thread.run(Thread.java:748) [na:1.8.0_161]
Caused by: java.lang.ClassNotFoundException: org.spockframework.runtime.extension.IMethodInterceptor
	at java.net.URLClassLoader.findClass(URLClassLoader.java:381) ~[na:1.8.0_161]
	at java.lang.ClassLoader.loadClass(ClassLoader.java:424) ~[na:1.8.0_161]
	at sun.misc.Launcher$AppClassLoader.loadClass(Launcher.java:338) ~[na:1.8.0_161]
	at java.lang.ClassLoader.loadClass(ClassLoader.java:357) ~[na:1.8.0_161]
	... 31 common frames omitted
[MASTER] 13:07:01.751 [pool-2-thread-1] ERROR ConcreteClassAnalyzer - Removing class from inheritance tree
[MASTER] 13:07:58.082 [TEST_EXECUTION_THREAD_0] ERROR FunctionalMockStatement - IAE on <public boolean system.controller.service.database.MySQLDatabaseService.addDataToDatabase(java.lang.String,java.util.LinkedList)> when called with [, []]
[MASTER] 13:07:58.124 [TEST_EXECUTION_THREAD_0] ERROR FunctionalMockStatement - Cannot use Mockito on class system.controller.dao.QuizDao due to IAE: 
Misplaced or misused argument matcher detected here:

-> at org.evosuite.testcase.fm.MethodDescriptor.executeMatcher(MethodDescriptor.java:235)
-> at org.evosuite.testcase.fm.MethodDescriptor.executeMatcher(MethodDescriptor.java:237)

You cannot use argument matchers outside of verification or stubbing.
Examples of correct usage of argument matchers:
    when(mock.get(anyInt())).thenReturn(null);
    doThrow(new RuntimeException()).when(mock).someVoidMethod(anyObject());
    verify(mock).someMethod(contains("foo"))

This message may appear after an NullPointerException if the last matcher is returning an object 
like any() but the stubbed method signature expect a primitive argument, in this case,
use primitive alternatives.
    when(mock.get(any())); // bad use, will raise NPE
    when(mock.get(anyInt())); // correct usage use

Also, this error might show up because you use argument matchers with methods that cannot be mocked.
Following methods *cannot* be stubbed/verified: final/private/equals()/hashCode().
Mocking methods declared on non-public parent classes is not supported.

[MASTER] 13:08:01.382 [TEST_EXECUTION_THREAD_0] ERROR FunctionalMockStatement - IAE on <public boolean system.controller.service.database.MySQLDatabaseService.addDataToDatabase(java.lang.String,java.util.LinkedList)> when called with [, []]
